<?xml version="1.0" encoding="UTF-8"?>
<coverage generated="1680695913691" clover="3.2.0">
  <project timestamp="1680695913691" name="All files">
    <metrics statements="17" coveredstatements="17" conditionals="6" coveredconditionals="6" methods="3" coveredmethods="3" elements="26" coveredelements="26" complexity="0" loc="17" ncloc="17" packages="1" files="1" classes="1"/>
    <file name="spellChecker.js" path="/Users/andy/reviews/2023-04-05/spellChecker.js">
      <metrics statements="17" coveredstatements="17" conditionals="6" coveredconditionals="6" methods="3" coveredmethods="3"/>
      <line num="3" count="10" type="stmt"/>
      <line num="4" count="8" type="stmt"/>
      <line num="5" count="8" type="stmt"/>
      <line num="9" count="8" type="stmt"/>
      <line num="10" count="8" type="stmt"/>
      <line num="11" count="8" type="stmt"/>
      <line num="12" count="8" type="stmt"/>
      <line num="14" count="16" type="stmt"/>
      <line num="17" count="16" type="cond" truecount="2" falsecount="0"/>
      <line num="18" count="10" type="stmt"/>
      <line num="20" count="6" type="stmt"/>
      <line num="24" count="8" type="stmt"/>
      <line num="28" count="10" type="cond" truecount="2" falsecount="0"/>
      <line num="29" count="1" type="stmt"/>
      <line num="30" count="9" type="cond" truecount="2" falsecount="0"/>
      <line num="31" count="1" type="stmt"/>
      <line num="36" count="1" type="stmt"/>
    </file>
  </project>
</coverage>
