{"/Users/andy/reviews/2023-04-05/spellChecker.js": {"path":"/Users/andy/reviews/2023-04-05/spellChecker.js","statementMap":{"0":{"start":{"line":3,"column":4},"end":{"line":3,"column":31}},"1":{"start":{"line":4,"column":4},"end":{"line":4,"column":24}},"2":{"start":{"line":5,"column":4},"end":{"line":5,"column":46}},"3":{"start":{"line":9,"column":29},"end":{"line":9,"column":61}},"4":{"start":{"line":10,"column":18},"end":{"line":10,"column":45}},"5":{"start":{"line":11,"column":22},"end":{"line":11,"column":24}},"6":{"start":{"line":12,"column":4},"end":{"line":22,"column":6}},"7":{"start":{"line":14,"column":8},"end":{"line":15,"column":52}},"8":{"start":{"line":17,"column":6},"end":{"line":21,"column":7}},"9":{"start":{"line":18,"column":8},"end":{"line":18,"column":31}},"10":{"start":{"line":20,"column":8},"end":{"line":20,"column":38}},"11":{"start":{"line":24,"column":4},"end":{"line":24,"column":33}},"12":{"start":{"line":28,"column":4},"end":{"line":32,"column":5}},"13":{"start":{"line":29,"column":6},"end":{"line":29,"column":47}},"14":{"start":{"line":30,"column":11},"end":{"line":32,"column":5}},"15":{"start":{"line":31,"column":6},"end":{"line":31,"column":52}},"16":{"start":{"line":36,"column":0},"end":{"line":36,"column":30}}},"fnMap":{"0":{"name":"(anonymous_0)","decl":{"start":{"line":2,"column":2},"end":{"line":2,"column":3}},"loc":{"start":{"line":2,"column":21},"end":{"line":6,"column":3}},"line":2},"1":{"name":"(anonymous_1)","decl":{"start":{"line":8,"column":2},"end":{"line":8,"column":3}},"loc":{"start":{"line":8,"column":18},"end":{"line":25,"column":3}},"line":8},"2":{"name":"(anonymous_2)","decl":{"start":{"line":12,"column":18},"end":{"line":12,"column":19}},"loc":{"start":{"line":12,"column":28},"end":{"line":22,"column":5}},"line":12}},"branchMap":{"0":{"loc":{"start":{"line":17,"column":6},"end":{"line":21,"column":7}},"type":"if","locations":[{"start":{"line":17,"column":6},"end":{"line":21,"column":7}},{"start":{"line":19,"column":13},"end":{"line":21,"column":7}}],"line":17},"1":{"loc":{"start":{"line":28,"column":4},"end":{"line":32,"column":5}},"type":"if","locations":[{"start":{"line":28,"column":4},"end":{"line":32,"column":5}},{"start":{"line":30,"column":11},"end":{"line":32,"column":5}}],"line":28},"2":{"loc":{"start":{"line":30,"column":11},"end":{"line":32,"column":5}},"type":"if","locations":[{"start":{"line":30,"column":11},"end":{"line":32,"column":5}},{"start":{},"end":{}}],"line":30}},"s":{"0":10,"1":8,"2":8,"3":8,"4":8,"5":8,"6":8,"7":16,"8":16,"9":10,"10":6,"11":8,"12":10,"13":1,"14":9,"15":1,"16":1},"f":{"0":10,"1":8,"2":16},"b":{"0":[10,6],"1":[1,9],"2":[1,8]},"_coverageSchema":"1a1c01bbd47fc00a2c39e90264f33305004495a9","hash":"958c6b123fefd7b13b027f27d063a6bd11764f47"}
}
